[2024-01-05T22:12:54.551+0300] {taskinstance.py:1090} INFO - Dependencies all met for dep_context=non-requeueable deps ti=<TaskInstance: Google_X_mention_score.train_model_naive scheduled__2024-01-03T15:30:00+00:00 [queued]>
[2024-01-05T22:12:54.559+0300] {taskinstance.py:1090} INFO - Dependencies all met for dep_context=requeueable deps ti=<TaskInstance: Google_X_mention_score.train_model_naive scheduled__2024-01-03T15:30:00+00:00 [queued]>
[2024-01-05T22:12:54.560+0300] {taskinstance.py:1288} INFO - 
--------------------------------------------------------------------------------
[2024-01-05T22:12:54.560+0300] {taskinstance.py:1289} INFO - Starting attempt 1 of 2
[2024-01-05T22:12:54.560+0300] {taskinstance.py:1290} INFO - 
--------------------------------------------------------------------------------
[2024-01-05T22:12:54.570+0300] {taskinstance.py:1309} INFO - Executing <Task(BashOperator): train_model_naive> on 2024-01-03 15:30:00+00:00
[2024-01-05T22:12:54.575+0300] {standard_task_runner.py:55} INFO - Started process 207785 to run task
[2024-01-05T22:12:54.575+0300] {standard_task_runner.py:82} INFO - Running: ['airflow', 'tasks', 'run', 'Google_X_mention_score', 'train_model_naive', 'scheduled__2024-01-03T15:30:00+00:00', '--job-id', '576', '--raw', '--subdir', 'DAGS_FOLDER/google_mention_score.py', '--cfg-path', '/tmp/tmpi6av6zrg']
[2024-01-05T22:12:54.577+0300] {standard_task_runner.py:83} INFO - Job 576: Subtask train_model_naive
[2024-01-05T22:12:54.676+0300] {task_command.py:389} INFO - Running <TaskInstance: Google_X_mention_score.train_model_naive scheduled__2024-01-03T15:30:00+00:00 [running]> on host prod-srv
[2024-01-05T22:12:54.770+0300] {taskinstance.py:1516} INFO - Exporting the following env vars:
AIRFLOW_CTX_DAG_OWNER=admin
AIRFLOW_CTX_DAG_ID=Google_X_mention_score
AIRFLOW_CTX_TASK_ID=train_model_naive
AIRFLOW_CTX_EXECUTION_DATE=2024-01-03T15:30:00+00:00
AIRFLOW_CTX_TRY_NUMBER=1
AIRFLOW_CTX_DAG_RUN_ID=scheduled__2024-01-03T15:30:00+00:00
[2024-01-05T22:12:54.770+0300] {subprocess.py:63} INFO - Tmp dir root location: 
 /tmp
[2024-01-05T22:12:54.771+0300] {subprocess.py:75} INFO - Running command: ['/usr/bin/bash', '-c', 'python3 /home/igor/mlops_4/scripts/train_model.py naive']
[2024-01-05T22:12:54.780+0300] {subprocess.py:86} INFO - Output:
[2024-01-05T22:12:59.258+0300] {subprocess.py:93} INFO - Registered model 'naive_model' already exists. Creating a new version of this model...
[2024-01-05T22:12:59.318+0300] {subprocess.py:93} INFO - Created version '64' of model 'naive_model'.
[2024-01-05T22:12:59.668+0300] {subprocess.py:97} INFO - Command exited with return code 0
[2024-01-05T22:12:59.716+0300] {taskinstance.py:1327} INFO - Marking task as SUCCESS. dag_id=Google_X_mention_score, task_id=train_model_naive, execution_date=20240103T153000, start_date=20240105T191254, end_date=20240105T191259
[2024-01-05T22:12:59.750+0300] {local_task_job.py:212} INFO - Task exited with return code 0
[2024-01-05T22:12:59.773+0300] {taskinstance.py:2596} INFO - 0 downstream tasks scheduled from follow-on schedule check
