[2024-01-05T21:16:16.209+0300] {taskinstance.py:1090} INFO - Dependencies all met for dep_context=non-requeueable deps ti=<TaskInstance: Google_X_mention_score.process_data scheduled__2024-01-02T00:30:00+00:00 [queued]>
[2024-01-05T21:16:16.217+0300] {taskinstance.py:1090} INFO - Dependencies all met for dep_context=requeueable deps ti=<TaskInstance: Google_X_mention_score.process_data scheduled__2024-01-02T00:30:00+00:00 [queued]>
[2024-01-05T21:16:16.217+0300] {taskinstance.py:1288} INFO - 
--------------------------------------------------------------------------------
[2024-01-05T21:16:16.217+0300] {taskinstance.py:1289} INFO - Starting attempt 1 of 2
[2024-01-05T21:16:16.217+0300] {taskinstance.py:1290} INFO - 
--------------------------------------------------------------------------------
[2024-01-05T21:16:16.225+0300] {taskinstance.py:1309} INFO - Executing <Task(BashOperator): process_data> on 2024-01-02 00:30:00+00:00
[2024-01-05T21:16:16.227+0300] {standard_task_runner.py:55} INFO - Started process 92675 to run task
[2024-01-05T21:16:16.231+0300] {standard_task_runner.py:82} INFO - Running: ['airflow', 'tasks', 'run', 'Google_X_mention_score', 'process_data', 'scheduled__2024-01-02T00:30:00+00:00', '--job-id', '224', '--raw', '--subdir', 'DAGS_FOLDER/google_mention_score.py', '--cfg-path', '/tmp/tmp_ey1gnry']
[2024-01-05T21:16:16.232+0300] {standard_task_runner.py:83} INFO - Job 224: Subtask process_data
[2024-01-05T21:16:16.318+0300] {task_command.py:389} INFO - Running <TaskInstance: Google_X_mention_score.process_data scheduled__2024-01-02T00:30:00+00:00 [running]> on host prod-srv
[2024-01-05T21:16:16.407+0300] {taskinstance.py:1516} INFO - Exporting the following env vars:
AIRFLOW_CTX_DAG_OWNER=admin
AIRFLOW_CTX_DAG_ID=Google_X_mention_score
AIRFLOW_CTX_TASK_ID=process_data
AIRFLOW_CTX_EXECUTION_DATE=2024-01-02T00:30:00+00:00
AIRFLOW_CTX_TRY_NUMBER=1
AIRFLOW_CTX_DAG_RUN_ID=scheduled__2024-01-02T00:30:00+00:00
[2024-01-05T21:16:16.407+0300] {subprocess.py:63} INFO - Tmp dir root location: 
 /tmp
[2024-01-05T21:16:16.408+0300] {subprocess.py:75} INFO - Running command: ['/usr/bin/bash', '-c', 'python3 /home/igor/mlops_4/scripts/process_data.py']
[2024-01-05T21:16:16.414+0300] {subprocess.py:86} INFO - Output:
[2024-01-05T21:16:16.841+0300] {subprocess.py:97} INFO - Command exited with return code 0
[2024-01-05T21:16:16.889+0300] {taskinstance.py:1327} INFO - Marking task as SUCCESS. dag_id=Google_X_mention_score, task_id=process_data, execution_date=20240102T003000, start_date=20240105T181616, end_date=20240105T181616
[2024-01-05T21:16:16.923+0300] {local_task_job.py:212} INFO - Task exited with return code 0
[2024-01-05T21:16:16.961+0300] {taskinstance.py:2596} INFO - 1 downstream tasks scheduled from follow-on schedule check
