[2024-01-05T21:28:10.213+0300] {taskinstance.py:1090} INFO - Dependencies all met for dep_context=non-requeueable deps ti=<TaskInstance: Google_X_mention_score.train_model_naive scheduled__2024-01-02T18:30:00+00:00 [queued]>
[2024-01-05T21:28:10.220+0300] {taskinstance.py:1090} INFO - Dependencies all met for dep_context=requeueable deps ti=<TaskInstance: Google_X_mention_score.train_model_naive scheduled__2024-01-02T18:30:00+00:00 [queued]>
[2024-01-05T21:28:10.220+0300] {taskinstance.py:1288} INFO - 
--------------------------------------------------------------------------------
[2024-01-05T21:28:10.220+0300] {taskinstance.py:1289} INFO - Starting attempt 1 of 2
[2024-01-05T21:28:10.220+0300] {taskinstance.py:1290} INFO - 
--------------------------------------------------------------------------------
[2024-01-05T21:28:10.231+0300] {taskinstance.py:1309} INFO - Executing <Task(BashOperator): train_model_naive> on 2024-01-02 18:30:00+00:00
[2024-01-05T21:28:10.234+0300] {standard_task_runner.py:55} INFO - Started process 116950 to run task
[2024-01-05T21:28:10.237+0300] {standard_task_runner.py:82} INFO - Running: ['airflow', 'tasks', 'run', 'Google_X_mention_score', 'train_model_naive', 'scheduled__2024-01-02T18:30:00+00:00', '--job-id', '382', '--raw', '--subdir', 'DAGS_FOLDER/google_mention_score.py', '--cfg-path', '/tmp/tmpgtn9gvyt']
[2024-01-05T21:28:10.239+0300] {standard_task_runner.py:83} INFO - Job 382: Subtask train_model_naive
[2024-01-05T21:28:10.343+0300] {task_command.py:389} INFO - Running <TaskInstance: Google_X_mention_score.train_model_naive scheduled__2024-01-02T18:30:00+00:00 [running]> on host prod-srv
[2024-01-05T21:28:10.441+0300] {taskinstance.py:1516} INFO - Exporting the following env vars:
AIRFLOW_CTX_DAG_OWNER=admin
AIRFLOW_CTX_DAG_ID=Google_X_mention_score
AIRFLOW_CTX_TASK_ID=train_model_naive
AIRFLOW_CTX_EXECUTION_DATE=2024-01-02T18:30:00+00:00
AIRFLOW_CTX_TRY_NUMBER=1
AIRFLOW_CTX_DAG_RUN_ID=scheduled__2024-01-02T18:30:00+00:00
[2024-01-05T21:28:10.442+0300] {subprocess.py:63} INFO - Tmp dir root location: 
 /tmp
[2024-01-05T21:28:10.442+0300] {subprocess.py:75} INFO - Running command: ['/usr/bin/bash', '-c', 'python3 /home/igor/mlops_4/scripts/train_model.py naive']
[2024-01-05T21:28:10.448+0300] {subprocess.py:86} INFO - Output:
[2024-01-05T21:28:14.814+0300] {subprocess.py:93} INFO - Registered model 'naive_model' already exists. Creating a new version of this model...
[2024-01-05T21:28:14.865+0300] {subprocess.py:93} INFO - Created version '43' of model 'naive_model'.
[2024-01-05T21:28:15.224+0300] {subprocess.py:97} INFO - Command exited with return code 0
[2024-01-05T21:28:15.278+0300] {taskinstance.py:1327} INFO - Marking task as SUCCESS. dag_id=Google_X_mention_score, task_id=train_model_naive, execution_date=20240102T183000, start_date=20240105T182810, end_date=20240105T182815
[2024-01-05T21:28:15.328+0300] {local_task_job.py:212} INFO - Task exited with return code 0
[2024-01-05T21:28:15.350+0300] {taskinstance.py:2596} INFO - 0 downstream tasks scheduled from follow-on schedule check
