[2024-01-05T22:02:33.395+0300] {taskinstance.py:1090} INFO - Dependencies all met for dep_context=non-requeueable deps ti=<TaskInstance: Google_X_mention_score.process_data scheduled__2024-01-03T03:30:00+00:00 [queued]>
[2024-01-05T22:02:33.402+0300] {taskinstance.py:1090} INFO - Dependencies all met for dep_context=requeueable deps ti=<TaskInstance: Google_X_mention_score.process_data scheduled__2024-01-03T03:30:00+00:00 [queued]>
[2024-01-05T22:02:33.402+0300] {taskinstance.py:1288} INFO - 
--------------------------------------------------------------------------------
[2024-01-05T22:02:33.402+0300] {taskinstance.py:1289} INFO - Starting attempt 1 of 2
[2024-01-05T22:02:33.402+0300] {taskinstance.py:1290} INFO - 
--------------------------------------------------------------------------------
[2024-01-05T22:02:33.411+0300] {taskinstance.py:1309} INFO - Executing <Task(BashOperator): process_data> on 2024-01-03 03:30:00+00:00
[2024-01-05T22:02:33.414+0300] {standard_task_runner.py:55} INFO - Started process 184428 to run task
[2024-01-05T22:02:33.418+0300] {standard_task_runner.py:82} INFO - Running: ['airflow', 'tasks', 'run', 'Google_X_mention_score', 'process_data', 'scheduled__2024-01-03T03:30:00+00:00', '--job-id', '469', '--raw', '--subdir', 'DAGS_FOLDER/google_mention_score.py', '--cfg-path', '/tmp/tmpagkwjav9']
[2024-01-05T22:02:33.419+0300] {standard_task_runner.py:83} INFO - Job 469: Subtask process_data
[2024-01-05T22:02:33.588+0300] {task_command.py:389} INFO - Running <TaskInstance: Google_X_mention_score.process_data scheduled__2024-01-03T03:30:00+00:00 [running]> on host prod-srv
[2024-01-05T22:02:33.704+0300] {taskinstance.py:1516} INFO - Exporting the following env vars:
AIRFLOW_CTX_DAG_OWNER=admin
AIRFLOW_CTX_DAG_ID=Google_X_mention_score
AIRFLOW_CTX_TASK_ID=process_data
AIRFLOW_CTX_EXECUTION_DATE=2024-01-03T03:30:00+00:00
AIRFLOW_CTX_TRY_NUMBER=1
AIRFLOW_CTX_DAG_RUN_ID=scheduled__2024-01-03T03:30:00+00:00
[2024-01-05T22:02:33.705+0300] {subprocess.py:63} INFO - Tmp dir root location: 
 /tmp
[2024-01-05T22:02:33.708+0300] {subprocess.py:75} INFO - Running command: ['/usr/bin/bash', '-c', 'python3 /home/igor/mlops_4/scripts/process_data.py']
[2024-01-05T22:02:33.715+0300] {subprocess.py:86} INFO - Output:
[2024-01-05T22:02:34.242+0300] {subprocess.py:97} INFO - Command exited with return code 0
[2024-01-05T22:02:34.306+0300] {taskinstance.py:1327} INFO - Marking task as SUCCESS. dag_id=Google_X_mention_score, task_id=process_data, execution_date=20240103T033000, start_date=20240105T190233, end_date=20240105T190234
[2024-01-05T22:02:34.355+0300] {local_task_job.py:212} INFO - Task exited with return code 0
[2024-01-05T22:02:34.387+0300] {taskinstance.py:2596} INFO - 1 downstream tasks scheduled from follow-on schedule check
