[2024-01-05T21:16:05.253+0300] {taskinstance.py:1090} INFO - Dependencies all met for dep_context=non-requeueable deps ti=<TaskInstance: Google_X_mention_score.train_model_exp scheduled__2024-01-02T00:30:00+00:00 [queued]>
[2024-01-05T21:16:05.259+0300] {taskinstance.py:1090} INFO - Dependencies all met for dep_context=requeueable deps ti=<TaskInstance: Google_X_mention_score.train_model_exp scheduled__2024-01-02T00:30:00+00:00 [queued]>
[2024-01-05T21:16:05.260+0300] {taskinstance.py:1288} INFO - 
--------------------------------------------------------------------------------
[2024-01-05T21:16:05.260+0300] {taskinstance.py:1289} INFO - Starting attempt 1 of 2
[2024-01-05T21:16:05.260+0300] {taskinstance.py:1290} INFO - 
--------------------------------------------------------------------------------
[2024-01-05T21:16:05.269+0300] {taskinstance.py:1309} INFO - Executing <Task(BashOperator): train_model_exp> on 2024-01-02 00:30:00+00:00
[2024-01-05T21:16:05.271+0300] {standard_task_runner.py:55} INFO - Started process 92311 to run task
[2024-01-05T21:16:05.275+0300] {standard_task_runner.py:82} INFO - Running: ['airflow', 'tasks', 'run', 'Google_X_mention_score', 'train_model_exp', 'scheduled__2024-01-02T00:30:00+00:00', '--job-id', '222', '--raw', '--subdir', 'DAGS_FOLDER/google_mention_score.py', '--cfg-path', '/tmp/tmp_7wqf011']
[2024-01-05T21:16:05.276+0300] {standard_task_runner.py:83} INFO - Job 222: Subtask train_model_exp
[2024-01-05T21:16:05.371+0300] {task_command.py:389} INFO - Running <TaskInstance: Google_X_mention_score.train_model_exp scheduled__2024-01-02T00:30:00+00:00 [running]> on host prod-srv
[2024-01-05T21:16:05.463+0300] {taskinstance.py:1516} INFO - Exporting the following env vars:
AIRFLOW_CTX_DAG_OWNER=admin
AIRFLOW_CTX_DAG_ID=Google_X_mention_score
AIRFLOW_CTX_TASK_ID=train_model_exp
AIRFLOW_CTX_EXECUTION_DATE=2024-01-02T00:30:00+00:00
AIRFLOW_CTX_TRY_NUMBER=1
AIRFLOW_CTX_DAG_RUN_ID=scheduled__2024-01-02T00:30:00+00:00
[2024-01-05T21:16:05.463+0300] {subprocess.py:63} INFO - Tmp dir root location: 
 /tmp
[2024-01-05T21:16:05.464+0300] {subprocess.py:75} INFO - Running command: ['/usr/bin/bash', '-c', 'python3 /home/igor/mlops_4/scripts/train_model.py exp']
[2024-01-05T21:16:05.468+0300] {subprocess.py:86} INFO - Output:
[2024-01-05T21:16:10.471+0300] {subprocess.py:93} INFO - Registered model 'exp_model' already exists. Creating a new version of this model...
[2024-01-05T21:16:10.501+0300] {subprocess.py:93} INFO - Created version '25' of model 'exp_model'.
[2024-01-05T21:16:10.845+0300] {subprocess.py:97} INFO - Command exited with return code 0
[2024-01-05T21:16:10.885+0300] {taskinstance.py:1327} INFO - Marking task as SUCCESS. dag_id=Google_X_mention_score, task_id=train_model_exp, execution_date=20240102T003000, start_date=20240105T181605, end_date=20240105T181610
[2024-01-05T21:16:10.922+0300] {local_task_job.py:212} INFO - Task exited with return code 0
[2024-01-05T21:16:10.942+0300] {taskinstance.py:2596} INFO - 0 downstream tasks scheduled from follow-on schedule check
