[2024-01-05T21:24:11.054+0300] {taskinstance.py:1090} INFO - Dependencies all met for dep_context=non-requeueable deps ti=<TaskInstance: Google_X_mention_score.train_model_exp scheduled__2024-01-02T12:30:00+00:00 [queued]>
[2024-01-05T21:24:11.061+0300] {taskinstance.py:1090} INFO - Dependencies all met for dep_context=requeueable deps ti=<TaskInstance: Google_X_mention_score.train_model_exp scheduled__2024-01-02T12:30:00+00:00 [queued]>
[2024-01-05T21:24:11.061+0300] {taskinstance.py:1288} INFO - 
--------------------------------------------------------------------------------
[2024-01-05T21:24:11.062+0300] {taskinstance.py:1289} INFO - Starting attempt 1 of 2
[2024-01-05T21:24:11.062+0300] {taskinstance.py:1290} INFO - 
--------------------------------------------------------------------------------
[2024-01-05T21:24:11.074+0300] {taskinstance.py:1309} INFO - Executing <Task(BashOperator): train_model_exp> on 2024-01-02 12:30:00+00:00
[2024-01-05T21:24:11.076+0300] {standard_task_runner.py:55} INFO - Started process 108998 to run task
[2024-01-05T21:24:11.083+0300] {standard_task_runner.py:82} INFO - Running: ['airflow', 'tasks', 'run', 'Google_X_mention_score', 'train_model_exp', 'scheduled__2024-01-02T12:30:00+00:00', '--job-id', '330', '--raw', '--subdir', 'DAGS_FOLDER/google_mention_score.py', '--cfg-path', '/tmp/tmp4dm6v7it']
[2024-01-05T21:24:11.084+0300] {standard_task_runner.py:83} INFO - Job 330: Subtask train_model_exp
[2024-01-05T21:24:11.177+0300] {task_command.py:389} INFO - Running <TaskInstance: Google_X_mention_score.train_model_exp scheduled__2024-01-02T12:30:00+00:00 [running]> on host prod-srv
[2024-01-05T21:24:11.267+0300] {taskinstance.py:1516} INFO - Exporting the following env vars:
AIRFLOW_CTX_DAG_OWNER=admin
AIRFLOW_CTX_DAG_ID=Google_X_mention_score
AIRFLOW_CTX_TASK_ID=train_model_exp
AIRFLOW_CTX_EXECUTION_DATE=2024-01-02T12:30:00+00:00
AIRFLOW_CTX_TRY_NUMBER=1
AIRFLOW_CTX_DAG_RUN_ID=scheduled__2024-01-02T12:30:00+00:00
[2024-01-05T21:24:11.268+0300] {subprocess.py:63} INFO - Tmp dir root location: 
 /tmp
[2024-01-05T21:24:11.269+0300] {subprocess.py:75} INFO - Running command: ['/usr/bin/bash', '-c', 'python3 /home/igor/mlops_4/scripts/train_model.py exp']
[2024-01-05T21:24:11.275+0300] {subprocess.py:86} INFO - Output:
[2024-01-05T21:24:16.743+0300] {subprocess.py:93} INFO - Registered model 'exp_model' already exists. Creating a new version of this model...
[2024-01-05T21:24:16.797+0300] {subprocess.py:93} INFO - Created version '37' of model 'exp_model'.
[2024-01-05T21:24:17.121+0300] {subprocess.py:97} INFO - Command exited with return code 0
[2024-01-05T21:24:17.163+0300] {taskinstance.py:1327} INFO - Marking task as SUCCESS. dag_id=Google_X_mention_score, task_id=train_model_exp, execution_date=20240102T123000, start_date=20240105T182411, end_date=20240105T182417
[2024-01-05T21:24:17.206+0300] {local_task_job.py:212} INFO - Task exited with return code 0
[2024-01-05T21:24:17.226+0300] {taskinstance.py:2596} INFO - 0 downstream tasks scheduled from follow-on schedule check
