[2024-01-05T21:11:51.115+0300] {taskinstance.py:1090} INFO - Dependencies all met for dep_context=non-requeueable deps ti=<TaskInstance: Google_X_mention_score.get_data scheduled__2024-01-01T18:30:00+00:00 [queued]>
[2024-01-05T21:11:51.121+0300] {taskinstance.py:1090} INFO - Dependencies all met for dep_context=requeueable deps ti=<TaskInstance: Google_X_mention_score.get_data scheduled__2024-01-01T18:30:00+00:00 [queued]>
[2024-01-05T21:11:51.121+0300] {taskinstance.py:1288} INFO - 
--------------------------------------------------------------------------------
[2024-01-05T21:11:51.122+0300] {taskinstance.py:1289} INFO - Starting attempt 1 of 2
[2024-01-05T21:11:51.122+0300] {taskinstance.py:1290} INFO - 
--------------------------------------------------------------------------------
[2024-01-05T21:11:51.131+0300] {taskinstance.py:1309} INFO - Executing <Task(BashOperator): get_data> on 2024-01-01 18:30:00+00:00
[2024-01-05T21:11:51.133+0300] {standard_task_runner.py:55} INFO - Started process 83493 to run task
[2024-01-05T21:11:51.138+0300] {standard_task_runner.py:82} INFO - Running: ['airflow', 'tasks', 'run', 'Google_X_mention_score', 'get_data', 'scheduled__2024-01-01T18:30:00+00:00', '--job-id', '165', '--raw', '--subdir', 'DAGS_FOLDER/google_mention_score.py', '--cfg-path', '/tmp/tmptwnswo_u']
[2024-01-05T21:11:51.139+0300] {standard_task_runner.py:83} INFO - Job 165: Subtask get_data
[2024-01-05T21:11:51.227+0300] {task_command.py:389} INFO - Running <TaskInstance: Google_X_mention_score.get_data scheduled__2024-01-01T18:30:00+00:00 [running]> on host prod-srv
[2024-01-05T21:11:51.325+0300] {taskinstance.py:1516} INFO - Exporting the following env vars:
AIRFLOW_CTX_DAG_OWNER=admin
AIRFLOW_CTX_DAG_ID=Google_X_mention_score
AIRFLOW_CTX_TASK_ID=get_data
AIRFLOW_CTX_EXECUTION_DATE=2024-01-01T18:30:00+00:00
AIRFLOW_CTX_TRY_NUMBER=1
AIRFLOW_CTX_DAG_RUN_ID=scheduled__2024-01-01T18:30:00+00:00
[2024-01-05T21:11:51.325+0300] {subprocess.py:63} INFO - Tmp dir root location: 
 /tmp
[2024-01-05T21:11:51.326+0300] {subprocess.py:75} INFO - Running command: ['/usr/bin/bash', '-c', 'python3 /home/igor/mlops_4/scripts/get_data.py']
[2024-01-05T21:11:51.331+0300] {subprocess.py:86} INFO - Output:
[2024-01-05T21:11:52.707+0300] {subprocess.py:97} INFO - Command exited with return code 0
[2024-01-05T21:11:52.749+0300] {taskinstance.py:1327} INFO - Marking task as SUCCESS. dag_id=Google_X_mention_score, task_id=get_data, execution_date=20240101T183000, start_date=20240105T181151, end_date=20240105T181152
[2024-01-05T21:11:52.796+0300] {local_task_job.py:212} INFO - Task exited with return code 0
[2024-01-05T21:11:52.827+0300] {taskinstance.py:2596} INFO - 1 downstream tasks scheduled from follow-on schedule check
