[2024-01-05T22:13:16.295+0300] {taskinstance.py:1090} INFO - Dependencies all met for dep_context=non-requeueable deps ti=<TaskInstance: Google_X_mention_score.process_data scheduled__2024-01-03T15:30:00+00:00 [queued]>
[2024-01-05T22:13:16.302+0300] {taskinstance.py:1090} INFO - Dependencies all met for dep_context=requeueable deps ti=<TaskInstance: Google_X_mention_score.process_data scheduled__2024-01-03T15:30:00+00:00 [queued]>
[2024-01-05T22:13:16.302+0300] {taskinstance.py:1288} INFO - 
--------------------------------------------------------------------------------
[2024-01-05T22:13:16.302+0300] {taskinstance.py:1289} INFO - Starting attempt 1 of 2
[2024-01-05T22:13:16.302+0300] {taskinstance.py:1290} INFO - 
--------------------------------------------------------------------------------
[2024-01-05T22:13:16.312+0300] {taskinstance.py:1309} INFO - Executing <Task(BashOperator): process_data> on 2024-01-03 15:30:00+00:00
[2024-01-05T22:13:16.314+0300] {standard_task_runner.py:55} INFO - Started process 208536 to run task
[2024-01-05T22:13:16.319+0300] {standard_task_runner.py:82} INFO - Running: ['airflow', 'tasks', 'run', 'Google_X_mention_score', 'process_data', 'scheduled__2024-01-03T15:30:00+00:00', '--job-id', '580', '--raw', '--subdir', 'DAGS_FOLDER/google_mention_score.py', '--cfg-path', '/tmp/tmp7_rqz8xt']
[2024-01-05T22:13:16.320+0300] {standard_task_runner.py:83} INFO - Job 580: Subtask process_data
[2024-01-05T22:13:16.411+0300] {task_command.py:389} INFO - Running <TaskInstance: Google_X_mention_score.process_data scheduled__2024-01-03T15:30:00+00:00 [running]> on host prod-srv
[2024-01-05T22:13:16.494+0300] {taskinstance.py:1516} INFO - Exporting the following env vars:
AIRFLOW_CTX_DAG_OWNER=admin
AIRFLOW_CTX_DAG_ID=Google_X_mention_score
AIRFLOW_CTX_TASK_ID=process_data
AIRFLOW_CTX_EXECUTION_DATE=2024-01-03T15:30:00+00:00
AIRFLOW_CTX_TRY_NUMBER=1
AIRFLOW_CTX_DAG_RUN_ID=scheduled__2024-01-03T15:30:00+00:00
[2024-01-05T22:13:16.495+0300] {subprocess.py:63} INFO - Tmp dir root location: 
 /tmp
[2024-01-05T22:13:16.495+0300] {subprocess.py:75} INFO - Running command: ['/usr/bin/bash', '-c', 'python3 /home/igor/mlops_4/scripts/process_data.py']
[2024-01-05T22:13:16.502+0300] {subprocess.py:86} INFO - Output:
[2024-01-05T22:13:16.939+0300] {subprocess.py:97} INFO - Command exited with return code 0
[2024-01-05T22:13:16.994+0300] {taskinstance.py:1327} INFO - Marking task as SUCCESS. dag_id=Google_X_mention_score, task_id=process_data, execution_date=20240103T153000, start_date=20240105T191316, end_date=20240105T191316
[2024-01-05T22:13:17.013+0300] {local_task_job.py:212} INFO - Task exited with return code 0
[2024-01-05T22:13:17.043+0300] {taskinstance.py:2596} INFO - 1 downstream tasks scheduled from follow-on schedule check
