[2024-01-05T21:21:55.853+0300] {taskinstance.py:1090} INFO - Dependencies all met for dep_context=non-requeueable deps ti=<TaskInstance: Google_X_mention_score.train_model_naive scheduled__2024-01-02T09:30:00+00:00 [queued]>
[2024-01-05T21:21:55.861+0300] {taskinstance.py:1090} INFO - Dependencies all met for dep_context=requeueable deps ti=<TaskInstance: Google_X_mention_score.train_model_naive scheduled__2024-01-02T09:30:00+00:00 [queued]>
[2024-01-05T21:21:55.861+0300] {taskinstance.py:1288} INFO - 
--------------------------------------------------------------------------------
[2024-01-05T21:21:55.861+0300] {taskinstance.py:1289} INFO - Starting attempt 1 of 2
[2024-01-05T21:21:55.862+0300] {taskinstance.py:1290} INFO - 
--------------------------------------------------------------------------------
[2024-01-05T21:21:55.873+0300] {taskinstance.py:1309} INFO - Executing <Task(BashOperator): train_model_naive> on 2024-01-02 09:30:00+00:00
[2024-01-05T21:21:55.875+0300] {standard_task_runner.py:55} INFO - Started process 104502 to run task
[2024-01-05T21:21:55.879+0300] {standard_task_runner.py:82} INFO - Running: ['airflow', 'tasks', 'run', 'Google_X_mention_score', 'train_model_naive', 'scheduled__2024-01-02T09:30:00+00:00', '--job-id', '301', '--raw', '--subdir', 'DAGS_FOLDER/google_mention_score.py', '--cfg-path', '/tmp/tmpe_hl34x5']
[2024-01-05T21:21:55.881+0300] {standard_task_runner.py:83} INFO - Job 301: Subtask train_model_naive
[2024-01-05T21:21:55.979+0300] {task_command.py:389} INFO - Running <TaskInstance: Google_X_mention_score.train_model_naive scheduled__2024-01-02T09:30:00+00:00 [running]> on host prod-srv
[2024-01-05T21:21:56.115+0300] {taskinstance.py:1516} INFO - Exporting the following env vars:
AIRFLOW_CTX_DAG_OWNER=admin
AIRFLOW_CTX_DAG_ID=Google_X_mention_score
AIRFLOW_CTX_TASK_ID=train_model_naive
AIRFLOW_CTX_EXECUTION_DATE=2024-01-02T09:30:00+00:00
AIRFLOW_CTX_TRY_NUMBER=1
AIRFLOW_CTX_DAG_RUN_ID=scheduled__2024-01-02T09:30:00+00:00
[2024-01-05T21:21:56.116+0300] {subprocess.py:63} INFO - Tmp dir root location: 
 /tmp
[2024-01-05T21:21:56.116+0300] {subprocess.py:75} INFO - Running command: ['/usr/bin/bash', '-c', 'python3 /home/igor/mlops_4/scripts/train_model.py naive']
[2024-01-05T21:21:56.121+0300] {subprocess.py:86} INFO - Output:
[2024-01-05T21:22:00.417+0300] {subprocess.py:93} INFO - Registered model 'naive_model' already exists. Creating a new version of this model...
[2024-01-05T21:22:00.451+0300] {subprocess.py:93} INFO - Created version '34' of model 'naive_model'.
[2024-01-05T21:22:00.796+0300] {subprocess.py:97} INFO - Command exited with return code 0
[2024-01-05T21:22:00.838+0300] {taskinstance.py:1327} INFO - Marking task as SUCCESS. dag_id=Google_X_mention_score, task_id=train_model_naive, execution_date=20240102T093000, start_date=20240105T182155, end_date=20240105T182200
[2024-01-05T21:22:00.858+0300] {local_task_job.py:212} INFO - Task exited with return code 0
[2024-01-05T21:22:00.881+0300] {taskinstance.py:2596} INFO - 0 downstream tasks scheduled from follow-on schedule check
